2019-11-26 12:06:31,936 -  TestExercise - INFO - 调用谷歌浏览器驱动
2019-11-26 12:06:32,210 -  TestExercise - INFO - 查看浏览器及其版本
2019-11-26 12:06:32,211 -  TestExercise - INFO - 设置隐式等待时间为10分钟
2019-11-26 12:06:34,051 -  TestExercise - INFO - 打开url进入百度首页
2019-11-26 12:06:35,059 -  TestExercise - INFO - 获取窗口大小
2019-11-26 12:06:35,179 -  TestExercise - INFO - 窗口最小化
2019-11-26 12:06:35,698 -  TestExercise - INFO - 窗口最大化
2019-11-26 12:06:35,975 -  TestExercise - INFO - 设置窗口大小为800*600
2019-11-26 12:06:36,684 -  TestExercise - INFO - 截取百度首页截图并保存在当前目录下
2019-11-26 12:06:38,287 -  TestExercise - INFO - 进入bing首页
2019-11-26 12:06:39,183 -  TestExercise - INFO - 回退到百度页面
2019-11-26 12:06:39,209 -  TestExercise - INFO - 刷新Bing页面
2019-11-26 12:06:39,327 -  TestExercise - INFO - 使用id获得定位搜索框元素为:<selenium.webdriver.remote.webelement.WebElement (session="0d314da0ef1c4207b5581e36134f5901", element="36582328-7218-4814-9326-9ba20e917c41")>
2019-11-26 12:06:40,110 -  TestExercise - INFO - 输入文本:豆瓣电影
2019-11-26 12:06:40,140 -  TestExercise - INFO - 按enter键查询
2019-11-26 12:06:40,156 -  TestExercise - INFO - 回退到百度页面
2019-11-26 12:06:40,183 -  TestExercise - INFO - 清空搜索框内容
2019-11-26 12:06:40,220 -  TestExercise - INFO - 输入文本:豆瓣
2019-11-26 12:06:40,245 -  TestExercise - INFO - 输入回车enter键进行搜索
2019-11-26 12:06:40,816 -  TestExercise - INFO - 获取豆瓣阅读元素的链接:http://book.douban.com/
2019-11-26 12:06:41,566 -  TestExercise - INFO - 回退到百度页面
2019-11-26 12:06:44,789 -  TestExercise - INFO - 鼠标悬停在设置按钮上2秒
2019-11-26 12:06:44,838 -  TestExercise - INFO - 点击设置
2019-11-26 12:06:44,900 -  TestExercise - INFO - 点击搜索设置
2019-11-26 12:06:48,977 -  TestExercise - INFO - 设置每页显示条数为50
2019-11-26 12:06:51,051 -  TestExercise - INFO - 点击保存
2019-11-26 12:06:53,055 -  TestExercise - INFO - 点击弹框上确定
2019-11-26 12:06:53,068 -  TestExercise - INFO - 设置10s显示等待时间查询搜索框
2019-11-26 12:06:53,162 -  TestExercise - INFO - 进入京公网安
2019-11-26 12:06:53,171 -  TestExercise - INFO - 窗口切换至京公网安
2019-11-26 12:06:59,547 -  TestExercise - INFO - 获取京公网安页面url
2019-11-26 12:07:01,577 -  TestExercise - INFO - 窗口切换至百度首页
2019-11-26 12:07:01,585 -  TestExercise - INFO - 使用断言验证标题是否正确
2019-11-26 12:07:10,441 -  TestExercise - INFO - 获取页面元素文本:请您输入手机/邮箱/用户名
2019-11-26 12:07:15,638 -  TestExercise - INFO - 点击网页中所有单选框和多选框
2019-11-26 12:07:19,268 -  TestExercise - INFO - 关闭浏览器结束测试
